Determining if the log exist failed with the following output:
Change Dir: /mnt/c/Users/redb/Documents/2022/SPRING22/OSS/Lab07_Module08_Checkpoint4/Step5_build/CMakeFiles/CMakeTmp

Run Build Command(s):/usr/bin/make cmTC_66f17/fast && /usr/bin/make -f CMakeFiles/cmTC_66f17.dir/build.make CMakeFiles/cmTC_66f17.dir/build
make[1]: Entering directory '/mnt/c/Users/redb/Documents/2022/SPRING22/OSS/Lab07_Module08_Checkpoint4/Step5_build/CMakeFiles/CMakeTmp'
Building C object CMakeFiles/cmTC_66f17.dir/CheckSymbolExists.c.o
/usr/bin/cc    -o CMakeFiles/cmTC_66f17.dir/CheckSymbolExists.c.o   -c /mnt/c/Users/redb/Documents/2022/SPRING22/OSS/Lab07_Module08_Checkpoint4/Step5_build/CMakeFiles/CMakeTmp/CheckSymbolExists.c
Linking C executable cmTC_66f17
/usr/bin/cmake -E cmake_link_script CMakeFiles/cmTC_66f17.dir/link.txt --verbose=1
/usr/bin/cc      CMakeFiles/cmTC_66f17.dir/CheckSymbolExists.c.o  -o cmTC_66f17 
/usr/bin/ld: CMakeFiles/cmTC_66f17.dir/CheckSymbolExists.c.o: in function `main':
CheckSymbolExists.c:(.text+0x1f): undefined reference to `log'
collect2: error: ld returned 1 exit status
make[1]: *** [CMakeFiles/cmTC_66f17.dir/build.make:87: cmTC_66f17] Error 1
make[1]: Leaving directory '/mnt/c/Users/redb/Documents/2022/SPRING22/OSS/Lab07_Module08_Checkpoint4/Step5_build/CMakeFiles/CMakeTmp'
make: *** [Makefile:121: cmTC_66f17/fast] Error 2


File /mnt/c/Users/redb/Documents/2022/SPRING22/OSS/Lab07_Module08_Checkpoint4/Step5_build/CMakeFiles/CMakeTmp/CheckSymbolExists.c:
/* */
#include <math.h>

int main(int argc, char** argv)
{
  (void)argv;
#ifndef log
  return ((int*)(&log))[argc];
#else
  (void)argc;
  return 0;
#endif
}
Determining if the exp exist failed with the following output:
Change Dir: /mnt/c/Users/redb/Documents/2022/SPRING22/OSS/Lab07_Module08_Checkpoint4/Step5_build/CMakeFiles/CMakeTmp

Run Build Command(s):/usr/bin/make cmTC_b5934/fast && /usr/bin/make -f CMakeFiles/cmTC_b5934.dir/build.make CMakeFiles/cmTC_b5934.dir/build
make[1]: Entering directory '/mnt/c/Users/redb/Documents/2022/SPRING22/OSS/Lab07_Module08_Checkpoint4/Step5_build/CMakeFiles/CMakeTmp'
Building C object CMakeFiles/cmTC_b5934.dir/CheckSymbolExists.c.o
/usr/bin/cc    -o CMakeFiles/cmTC_b5934.dir/CheckSymbolExists.c.o   -c /mnt/c/Users/redb/Documents/2022/SPRING22/OSS/Lab07_Module08_Checkpoint4/Step5_build/CMakeFiles/CMakeTmp/CheckSymbolExists.c
Linking C executable cmTC_b5934
/usr/bin/cmake -E cmake_link_script CMakeFiles/cmTC_b5934.dir/link.txt --verbose=1
/usr/bin/cc      CMakeFiles/cmTC_b5934.dir/CheckSymbolExists.c.o  -o cmTC_b5934 
/usr/bin/ld: CMakeFiles/cmTC_b5934.dir/CheckSymbolExists.c.o: in function `main':
CheckSymbolExists.c:(.text+0x1f): undefined reference to `exp'
collect2: error: ld returned 1 exit status
make[1]: *** [CMakeFiles/cmTC_b5934.dir/build.make:87: cmTC_b5934] Error 1
make[1]: Leaving directory '/mnt/c/Users/redb/Documents/2022/SPRING22/OSS/Lab07_Module08_Checkpoint4/Step5_build/CMakeFiles/CMakeTmp'
make: *** [Makefile:121: cmTC_b5934/fast] Error 2


File /mnt/c/Users/redb/Documents/2022/SPRING22/OSS/Lab07_Module08_Checkpoint4/Step5_build/CMakeFiles/CMakeTmp/CheckSymbolExists.c:
/* */
#include <math.h>

int main(int argc, char** argv)
{
  (void)argv;
#ifndef exp
  return ((int*)(&exp))[argc];
#else
  (void)argc;
  return 0;
#endif
}
